{"C:\\Users\\User\\Documents\\TFM\\Trazabilidad\\trazabilidad-frontend\\src\\components\\shared\\LoadingSpinner.tsx": {"path":"C:\\Users\\User\\Documents\\TFM\\Trazabilidad\\trazabilidad-frontend\\src\\components\\shared\\LoadingSpinner.tsx","statementMap":{"0":{"start":{"line":11,"column":22},"end":{"line":15,"column":null}},"1":{"start":{"line":17,"column":2},"end":{"line":21,"column":null}},"2":{"start":{"line":26,"column":2},"end":{"line":29,"column":null}}},"fnMap":{"0":{"name":"LoadingSpinner","decl":{"start":{"line":10,"column":16},"end":{"line":10,"column":31}},"loc":{"start":{"line":10,"column":86},"end":{"line":23,"column":null}},"line":10},"1":{"name":"PageLoader","decl":{"start":{"line":25,"column":16},"end":{"line":25,"column":29}},"loc":{"start":{"line":25,"column":29},"end":{"line":31,"column":null}},"line":25}},"branchMap":{"0":{"loc":{"start":{"line":10,"column":33},"end":{"line":10,"column":46}},"type":"default-arg","locations":[{"start":{"line":10,"column":40},"end":{"line":10,"column":46}}],"line":10},"1":{"loc":{"start":{"line":20,"column":7},"end":{"line":20,"column":null}},"type":"binary-expr","locations":[{"start":{"line":20,"column":7},"end":{"line":20,"column":15}},{"start":{"line":20,"column":15},"end":{"line":20,"column":null}}],"line":20}},"s":{"0":9,"1":9,"2":3},"f":{"0":9,"1":3},"b":{"0":[9],"1":[9,4]},"meta":{"lastBranch":2,"lastFunction":2,"lastStatement":3,"seen":{"f:10:16:10:31":0,"b:10:40:10:46":0,"s:11:22:15:Infinity":0,"s:17:2:21:Infinity":1,"b:20:7:20:15:20:15:20:Infinity":1,"f:25:16:25:29":1,"s:26:2:29:Infinity":2}}}
,"C:\\Users\\User\\Documents\\TFM\\Trazabilidad\\trazabilidad-frontend\\src\\components\\shared\\ProtectedRoute.tsx": {"path":"C:\\Users\\User\\Documents\\TFM\\Trazabilidad\\trazabilidad-frontend\\src\\components\\shared\\ProtectedRoute.tsx","statementMap":{"0":{"start":{"line":11,"column":32},"end":{"line":11,"column":null}},"1":{"start":{"line":12,"column":8},"end":{"line":12,"column":null}},"2":{"start":{"line":14,"column":2},"end":{"line":17,"column":null}},"3":{"start":{"line":16,"column":4},"end":{"line":16,"column":null}},"4":{"start":{"line":19,"column":2},"end":{"line":22,"column":null}},"5":{"start":{"line":21,"column":4},"end":{"line":21,"column":null}},"6":{"start":{"line":24,"column":2},"end":{"line":24,"column":null}}},"fnMap":{"0":{"name":"ProtectedRoute","decl":{"start":{"line":10,"column":16},"end":{"line":10,"column":31}},"loc":{"start":{"line":10,"column":80},"end":{"line":25,"column":null}},"line":10}},"branchMap":{"0":{"loc":{"start":{"line":14,"column":2},"end":{"line":17,"column":null}},"type":"if","locations":[{"start":{"line":14,"column":2},"end":{"line":17,"column":null}},{"start":{},"end":{}}],"line":14},"1":{"loc":{"start":{"line":19,"column":2},"end":{"line":22,"column":null}},"type":"if","locations":[{"start":{"line":19,"column":2},"end":{"line":22,"column":null}},{"start":{},"end":{}}],"line":19},"2":{"loc":{"start":{"line":19,"column":6},"end":{"line":19,"column":64}},"type":"binary-expr","locations":[{"start":{"line":19,"column":6},"end":{"line":19,"column":22}},{"start":{"line":19,"column":22},"end":{"line":19,"column":30}},{"start":{"line":19,"column":30},"end":{"line":19,"column":64}}],"line":19}},"s":{"0":5,"1":5,"2":5,"3":1,"4":4,"5":1,"6":3},"f":{"0":5},"b":{"0":[1,4],"1":[1,3],"2":[4,2,2]},"meta":{"lastBranch":3,"lastFunction":1,"lastStatement":7,"seen":{"f:10:16:10:31":0,"s:11:32:11:Infinity":0,"s:12:8:12:Infinity":1,"b:14:2:17:Infinity:undefined:undefined:undefined:undefined":0,"s:14:2:17:Infinity":2,"s:16:4:16:Infinity":3,"b:19:2:22:Infinity:undefined:undefined:undefined:undefined":1,"s:19:2:22:Infinity":4,"b:19:6:19:22:19:22:19:30:19:30:19:64":2,"s:21:4:21:Infinity":5,"s:24:2:24:Infinity":6}}}
,"C:\\Users\\User\\Documents\\TFM\\Trazabilidad\\trazabilidad-frontend\\src\\hooks\\useFetch.ts": {"path":"C:\\Users\\User\\Documents\\TFM\\Trazabilidad\\trazabilidad-frontend\\src\\hooks\\useFetch.ts","statementMap":{"0":{"start":{"line":18,"column":24},"end":{"line":22,"column":null}},"1":{"start":{"line":24,"column":8},"end":{"line":33,"column":null}},"2":{"start":{"line":25,"column":4},"end":{"line":25,"column":null}},"3":{"start":{"line":25,"column":24},"end":{"line":25,"column":66}},"4":{"start":{"line":26,"column":4},"end":{"line":32,"column":null}},"5":{"start":{"line":27,"column":21},"end":{"line":27,"column":null}},"6":{"start":{"line":28,"column":6},"end":{"line":28,"column":null}},"7":{"start":{"line":30,"column":22},"end":{"line":30,"column":null}},"8":{"start":{"line":31,"column":6},"end":{"line":31,"column":null}},"9":{"start":{"line":35,"column":2},"end":{"line":38,"column":null}},"10":{"start":{"line":36,"column":4},"end":{"line":36,"column":null}},"11":{"start":{"line":40,"column":8},"end":{"line":45,"column":null}},"12":{"start":{"line":41,"column":4},"end":{"line":44,"column":null}},"13":{"start":{"line":41,"column":24},"end":{"line":44,"column":6}},"14":{"start":{"line":47,"column":2},"end":{"line":51,"column":null}}},"fnMap":{"0":{"name":"useFetch","decl":{"start":{"line":14,"column":16},"end":{"line":14,"column":null}},"loc":{"start":{"line":17,"column":21},"end":{"line":52,"column":null}},"line":17},"1":{"name":"(anonymous_1)","decl":{"start":{"line":24,"column":32},"end":{"line":24,"column":44}},"loc":{"start":{"line":24,"column":44},"end":{"line":33,"column":5}},"line":24},"2":{"name":"(anonymous_2)","decl":{"start":{"line":25,"column":13},"end":{"line":25,"column":14}},"loc":{"start":{"line":25,"column":24},"end":{"line":25,"column":66}},"line":25},"3":{"name":"(anonymous_3)","decl":{"start":{"line":35,"column":12},"end":{"line":35,"column":18}},"loc":{"start":{"line":35,"column":18},"end":{"line":38,"column":5}},"line":35},"4":{"name":"(anonymous_4)","decl":{"start":{"line":40,"column":30},"end":{"line":40,"column":31}},"loc":{"start":{"line":40,"column":75},"end":{"line":45,"column":5}},"line":40},"5":{"name":"(anonymous_5)","decl":{"start":{"line":41,"column":13},"end":{"line":41,"column":14}},"loc":{"start":{"line":41,"column":24},"end":{"line":44,"column":6}},"line":41}},"branchMap":{"0":{"loc":{"start":{"line":16,"column":2},"end":{"line":16,"column":null}},"type":"default-arg","locations":[{"start":{"line":16,"column":28},"end":{"line":16,"column":null}}],"line":16},"1":{"loc":{"start":{"line":30,"column":22},"end":{"line":30,"column":null}},"type":"cond-expr","locations":[{"start":{"line":30,"column":45},"end":{"line":30,"column":59}},{"start":{"line":30,"column":59},"end":{"line":30,"column":null}}],"line":30},"2":{"loc":{"start":{"line":43,"column":12},"end":{"line":43,"column":null}},"type":"cond-expr","locations":[{"start":{"line":43,"column":45},"end":{"line":43,"column":99}},{"start":{"line":43,"column":99},"end":{"line":43,"column":null}}],"line":43}},"s":{"0":29,"1":29,"2":10,"3":10,"4":10,"5":10,"6":7,"7":2,"8":2,"9":29,"10":9,"11":29,"12":2,"13":2,"14":29},"f":{"0":29,"1":10,"2":10,"3":9,"4":2,"5":2},"b":{"0":[29],"1":[1,1],"2":[1,1]},"meta":{"lastBranch":3,"lastFunction":6,"lastStatement":15,"seen":{"f:14:16:14:Infinity":0,"b:16:28:16:Infinity":0,"s:18:24:22:Infinity":0,"s:24:8:33:Infinity":1,"f:24:32:24:44":1,"s:25:4:25:Infinity":2,"f:25:13:25:14":2,"s:25:24:25:66":3,"s:26:4:32:Infinity":4,"s:27:21:27:Infinity":5,"s:28:6:28:Infinity":6,"s:30:22:30:Infinity":7,"b:30:45:30:59:30:59:30:Infinity":1,"s:31:6:31:Infinity":8,"s:35:2:38:Infinity":9,"f:35:12:35:18":3,"s:36:4:36:Infinity":10,"s:40:8:45:Infinity":11,"f:40:30:40:31":4,"s:41:4:44:Infinity":12,"f:41:13:41:14":5,"s:41:24:44:6":13,"b:43:45:43:99:43:99:43:Infinity":2,"s:47:2:51:Infinity":14}}}
,"C:\\Users\\User\\Documents\\TFM\\Trazabilidad\\trazabilidad-frontend\\src\\lib\\utils.ts": {"path":"C:\\Users\\User\\Documents\\TFM\\Trazabilidad\\trazabilidad-frontend\\src\\lib\\utils.ts","statementMap":{"0":{"start":{"line":5,"column":2},"end":{"line":5,"column":null}}},"fnMap":{"0":{"name":"cn","decl":{"start":{"line":4,"column":16},"end":{"line":4,"column":22}},"loc":{"start":{"line":4,"column":44},"end":{"line":6,"column":null}},"line":4}},"branchMap":{},"s":{"0":29},"f":{"0":29},"b":{},"meta":{"lastBranch":0,"lastFunction":1,"lastStatement":1,"seen":{"f:4:16:4:22":0,"s:5:2:5:Infinity":0}}}
,"C:\\Users\\User\\Documents\\TFM\\Trazabilidad\\trazabilidad-frontend\\src\\services\\api.ts": {"path":"C:\\Users\\User\\Documents\\TFM\\Trazabilidad\\trazabilidad-frontend\\src\\services\\api.ts","statementMap":{"0":{"start":{"line":3,"column":16},"end":{"line":3,"column":null}},"1":{"start":{"line":5,"column":19},"end":{"line":10,"column":null}},"2":{"start":{"line":13,"column":0},"end":{"line":24,"column":null}},"3":{"start":{"line":15,"column":18},"end":{"line":15,"column":null}},"4":{"start":{"line":16,"column":4},"end":{"line":18,"column":null}},"5":{"start":{"line":17,"column":6},"end":{"line":17,"column":null}},"6":{"start":{"line":19,"column":4},"end":{"line":19,"column":null}},"7":{"start":{"line":22,"column":4},"end":{"line":22,"column":null}},"8":{"start":{"line":27,"column":0},"end":{"line":38,"column":null}},"9":{"start":{"line":28,"column":16},"end":{"line":28,"column":null}},"10":{"start":{"line":30,"column":4},"end":{"line":35,"column":null}},"11":{"start":{"line":32,"column":6},"end":{"line":32,"column":null}},"12":{"start":{"line":33,"column":6},"end":{"line":33,"column":null}},"13":{"start":{"line":34,"column":6},"end":{"line":34,"column":null}},"14":{"start":{"line":36,"column":4},"end":{"line":36,"column":null}}},"fnMap":{"0":{"name":"(anonymous_0)","decl":{"start":{"line":14,"column":2},"end":{"line":14,"column":3}},"loc":{"start":{"line":14,"column":42},"end":{"line":20,"column":null}},"line":14},"1":{"name":"(anonymous_1)","decl":{"start":{"line":21,"column":2},"end":{"line":21,"column":3}},"loc":{"start":{"line":21,"column":25},"end":{"line":23,"column":null}},"line":21},"2":{"name":"(anonymous_2)","decl":{"start":{"line":28,"column":2},"end":{"line":28,"column":3}},"loc":{"start":{"line":28,"column":16},"end":{"line":28,"column":null}},"line":28},"3":{"name":"(anonymous_3)","decl":{"start":{"line":29,"column":2},"end":{"line":29,"column":3}},"loc":{"start":{"line":29,"column":25},"end":{"line":37,"column":null}},"line":29}},"branchMap":{"0":{"loc":{"start":{"line":3,"column":16},"end":{"line":3,"column":null}},"type":"binary-expr","locations":[{"start":{"line":3,"column":16},"end":{"line":3,"column":48}},{"start":{"line":3,"column":48},"end":{"line":3,"column":null}}],"line":3},"1":{"loc":{"start":{"line":16,"column":4},"end":{"line":18,"column":null}},"type":"if","locations":[{"start":{"line":16,"column":4},"end":{"line":18,"column":null}},{"start":{},"end":{}}],"line":16},"2":{"loc":{"start":{"line":30,"column":4},"end":{"line":35,"column":null}},"type":"if","locations":[{"start":{"line":30,"column":4},"end":{"line":35,"column":null}},{"start":{},"end":{}}],"line":30}},"s":{"0":1,"1":1,"2":1,"3":0,"4":0,"5":0,"6":0,"7":0,"8":1,"9":0,"10":0,"11":0,"12":0,"13":0,"14":0},"f":{"0":0,"1":0,"2":0,"3":0},"b":{"0":[1,0],"1":[0,0],"2":[0,0]},"meta":{"lastBranch":3,"lastFunction":4,"lastStatement":15,"seen":{"s:3:16:3:Infinity":0,"b:3:16:3:48:3:48:3:Infinity":0,"s:5:19:10:Infinity":1,"s:13:0:24:Infinity":2,"f:14:2:14:3":0,"s:15:18:15:Infinity":3,"b:16:4:18:Infinity:undefined:undefined:undefined:undefined":1,"s:16:4:18:Infinity":4,"s:17:6:17:Infinity":5,"s:19:4:19:Infinity":6,"f:21:2:21:3":1,"s:22:4:22:Infinity":7,"s:27:0:38:Infinity":8,"f:28:2:28:3":2,"s:28:16:28:Infinity":9,"f:29:2:29:3":3,"b:30:4:35:Infinity:undefined:undefined:undefined:undefined":2,"s:30:4:35:Infinity":10,"s:32:6:32:Infinity":11,"s:33:6:33:Infinity":12,"s:34:6:34:Infinity":13,"s:36:4:36:Infinity":14}}}
,"C:\\Users\\User\\Documents\\TFM\\Trazabilidad\\trazabilidad-frontend\\src\\services\\authService.ts": {"path":"C:\\Users\\User\\Documents\\TFM\\Trazabilidad\\trazabilidad-frontend\\src\\services\\authService.ts","statementMap":{"0":{"start":{"line":4,"column":27},"end":{"line":52,"column":null}},"1":{"start":{"line":6,"column":21},"end":{"line":6,"column":null}},"2":{"start":{"line":7,"column":4},"end":{"line":7,"column":null}},"3":{"start":{"line":11,"column":4},"end":{"line":11,"column":null}},"4":{"start":{"line":12,"column":4},"end":{"line":12,"column":null}},"5":{"start":{"line":16,"column":21},"end":{"line":16,"column":null}},"6":{"start":{"line":17,"column":4},"end":{"line":17,"column":null}},"7":{"start":{"line":21,"column":4},"end":{"line":21,"column":null}},"8":{"start":{"line":25,"column":4},"end":{"line":25,"column":null}},"9":{"start":{"line":29,"column":4},"end":{"line":29,"column":null}},"10":{"start":{"line":33,"column":20},"end":{"line":33,"column":null}},"11":{"start":{"line":34,"column":4},"end":{"line":40,"column":null}},"12":{"start":{"line":35,"column":6},"end":{"line":39,"column":null}},"13":{"start":{"line":36,"column":8},"end":{"line":36,"column":null}},"14":{"start":{"line":38,"column":8},"end":{"line":38,"column":null}},"15":{"start":{"line":41,"column":4},"end":{"line":41,"column":null}},"16":{"start":{"line":45,"column":4},"end":{"line":45,"column":null}},"17":{"start":{"line":49,"column":4},"end":{"line":49,"column":null}},"18":{"start":{"line":50,"column":4},"end":{"line":50,"column":null}}},"fnMap":{"0":{"name":"(anonymous_0)","decl":{"start":{"line":5,"column":9},"end":{"line":5,"column":16}},"loc":{"start":{"line":5,"column":70},"end":{"line":8,"column":null}},"line":5},"1":{"name":"(anonymous_1)","decl":{"start":{"line":10,"column":10},"end":{"line":10,"column":16}},"loc":{"start":{"line":10,"column":16},"end":{"line":13,"column":null}},"line":10},"2":{"name":"(anonymous_2)","decl":{"start":{"line":15,"column":18},"end":{"line":15,"column":45}},"loc":{"start":{"line":15,"column":45},"end":{"line":18,"column":null}},"line":15},"3":{"name":"(anonymous_3)","decl":{"start":{"line":20,"column":24},"end":{"line":20,"column":31}},"loc":{"start":{"line":20,"column":77},"end":{"line":22,"column":null}},"line":20},"4":{"name":"(anonymous_4)","decl":{"start":{"line":24,"column":17},"end":{"line":24,"column":24}},"loc":{"start":{"line":24,"column":78},"end":{"line":26,"column":null}},"line":24},"5":{"name":"(anonymous_5)","decl":{"start":{"line":28,"column":19},"end":{"line":28,"column":34}},"loc":{"start":{"line":28,"column":34},"end":{"line":30,"column":null}},"line":28},"6":{"name":"(anonymous_6)","decl":{"start":{"line":32,"column":17},"end":{"line":32,"column":36}},"loc":{"start":{"line":32,"column":36},"end":{"line":42,"column":null}},"line":32},"7":{"name":"(anonymous_7)","decl":{"start":{"line":44,"column":18},"end":{"line":44,"column":39}},"loc":{"start":{"line":44,"column":39},"end":{"line":46,"column":null}},"line":44},"8":{"name":"(anonymous_8)","decl":{"start":{"line":48,"column":15},"end":{"line":48,"column":16}},"loc":{"start":{"line":48,"column":52},"end":{"line":51,"column":null}},"line":48}},"branchMap":{"0":{"loc":{"start":{"line":34,"column":4},"end":{"line":40,"column":null}},"type":"if","locations":[{"start":{"line":34,"column":4},"end":{"line":40,"column":null}},{"start":{},"end":{}}],"line":34}},"s":{"0":1,"1":0,"2":0,"3":1,"4":1,"5":0,"6":0,"7":0,"8":0,"9":2,"10":3,"11":3,"12":2,"13":2,"14":1,"15":1,"16":2,"17":1,"18":1},"f":{"0":0,"1":1,"2":0,"3":0,"4":0,"5":2,"6":3,"7":2,"8":1},"b":{"0":[2,1]},"meta":{"lastBranch":1,"lastFunction":9,"lastStatement":19,"seen":{"s:4:27:52:Infinity":0,"f:5:9:5:16":0,"s:6:21:6:Infinity":1,"s:7:4:7:Infinity":2,"f:10:10:10:16":1,"s:11:4:11:Infinity":3,"s:12:4:12:Infinity":4,"f:15:18:15:45":2,"s:16:21:16:Infinity":5,"s:17:4:17:Infinity":6,"f:20:24:20:31":3,"s:21:4:21:Infinity":7,"f:24:17:24:24":4,"s:25:4:25:Infinity":8,"f:28:19:28:34":5,"s:29:4:29:Infinity":9,"f:32:17:32:36":6,"s:33:20:33:Infinity":10,"b:34:4:40:Infinity:undefined:undefined:undefined:undefined":0,"s:34:4:40:Infinity":11,"s:35:6:39:Infinity":12,"s:36:8:36:Infinity":13,"s:38:8:38:Infinity":14,"s:41:4:41:Infinity":15,"f:44:18:44:39":7,"s:45:4:45:Infinity":16,"f:48:15:48:16":8,"s:49:4:49:Infinity":17,"s:50:4:50:Infinity":18}}}
,"C:\\Users\\User\\Documents\\TFM\\Trazabilidad\\trazabilidad-frontend\\src\\store\\authStore.ts": {"path":"C:\\Users\\User\\Documents\\TFM\\Trazabilidad\\trazabilidad-frontend\\src\\store\\authStore.ts","statementMap":{"0":{"start":{"line":18,"column":13},"end":{"line":86,"column":null}},"1":{"start":{"line":18,"column":56},"end":{"line":86,"column":2}},"2":{"start":{"line":26,"column":4},"end":{"line":26,"column":null}},"3":{"start":{"line":27,"column":4},"end":{"line":55,"column":null}},"4":{"start":{"line":28,"column":23},"end":{"line":28,"column":null}},"5":{"start":{"line":29,"column":6},"end":{"line":46,"column":null}},"6":{"start":{"line":30,"column":32},"end":{"line":30,"column":null}},"7":{"start":{"line":31,"column":8},"end":{"line":31,"column":null}},"8":{"start":{"line":32,"column":8},"end":{"line":38,"column":null}},"9":{"start":{"line":39,"column":8},"end":{"line":39,"column":null}},"10":{"start":{"line":41,"column":8},"end":{"line":44,"column":null}},"11":{"start":{"line":45,"column":8},"end":{"line":45,"column":null}},"12":{"start":{"line":49,"column":8},"end":{"line":49,"column":null}},"13":{"start":{"line":50,"column":6},"end":{"line":53,"column":null}},"14":{"start":{"line":54,"column":6},"end":{"line":54,"column":null}},"15":{"start":{"line":59,"column":4},"end":{"line":59,"column":null}},"16":{"start":{"line":60,"column":4},"end":{"line":65,"column":null}},"17":{"start":{"line":69,"column":18},"end":{"line":69,"column":null}},"18":{"start":{"line":70,"column":17},"end":{"line":70,"column":null}},"19":{"start":{"line":71,"column":4},"end":{"line":75,"column":null}},"20":{"start":{"line":79,"column":4},"end":{"line":79,"column":null}},"21":{"start":{"line":83,"column":4},"end":{"line":83,"column":null}},"22":{"start":{"line":84,"column":4},"end":{"line":84,"column":null}}},"fnMap":{"0":{"name":"(anonymous_0)","decl":{"start":{"line":18,"column":46},"end":{"line":18,"column":47}},"loc":{"start":{"line":18,"column":56},"end":{"line":86,"column":2}},"line":18},"1":{"name":"(anonymous_1)","decl":{"start":{"line":25,"column":9},"end":{"line":25,"column":16}},"loc":{"start":{"line":25,"column":46},"end":{"line":56,"column":null}},"line":25},"2":{"name":"(anonymous_2)","decl":{"start":{"line":58,"column":10},"end":{"line":58,"column":16}},"loc":{"start":{"line":58,"column":16},"end":{"line":66,"column":null}},"line":58},"3":{"name":"(anonymous_3)","decl":{"start":{"line":68,"column":13},"end":{"line":68,"column":19}},"loc":{"start":{"line":68,"column":19},"end":{"line":76,"column":null}},"line":68},"4":{"name":"(anonymous_4)","decl":{"start":{"line":78,"column":14},"end":{"line":78,"column":20}},"loc":{"start":{"line":78,"column":20},"end":{"line":80,"column":null}},"line":78},"5":{"name":"(anonymous_5)","decl":{"start":{"line":82,"column":11},"end":{"line":82,"column":12}},"loc":{"start":{"line":82,"column":27},"end":{"line":85,"column":null}},"line":82}},"branchMap":{"0":{"loc":{"start":{"line":29,"column":6},"end":{"line":46,"column":null}},"type":"if","locations":[{"start":{"line":29,"column":6},"end":{"line":46,"column":null}},{"start":{"line":40,"column":13},"end":{"line":46,"column":null}}],"line":29},"1":{"loc":{"start":{"line":43,"column":17},"end":{"line":43,"column":null}},"type":"binary-expr","locations":[{"start":{"line":43,"column":17},"end":{"line":43,"column":37}},{"start":{"line":43,"column":37},"end":{"line":43,"column":null}}],"line":43},"2":{"loc":{"start":{"line":49,"column":8},"end":{"line":49,"column":null}},"type":"cond-expr","locations":[{"start":{"line":49,"column":33},"end":{"line":49,"column":49}},{"start":{"line":49,"column":49},"end":{"line":49,"column":null}}],"line":49},"3":{"loc":{"start":{"line":74,"column":23},"end":{"line":74,"column":null}},"type":"binary-expr","locations":[{"start":{"line":74,"column":23},"end":{"line":74,"column":34}},{"start":{"line":74,"column":34},"end":{"line":74,"column":null}}],"line":74},"4":{"loc":{"start":{"line":83,"column":28},"end":{"line":83,"column":64}},"type":"binary-expr","locations":[{"start":{"line":83,"column":28},"end":{"line":83,"column":60}},{"start":{"line":83,"column":60},"end":{"line":83,"column":64}}],"line":83}},"s":{"0":1,"1":1,"2":6,"3":6,"4":6,"5":4,"6":2,"7":2,"8":2,"9":2,"10":2,"11":2,"12":2,"13":2,"14":2,"15":1,"16":1,"17":3,"18":3,"19":3,"20":1,"21":1,"22":1},"f":{"0":1,"1":6,"2":1,"3":3,"4":1,"5":1},"b":{"0":[2,2],"1":[2,1],"2":[1,1],"3":[3,2],"4":[1,1]},"meta":{"lastBranch":5,"lastFunction":6,"lastStatement":23,"seen":{"s:18:13:86:Infinity":0,"f:18:46:18:47":0,"s:18:56:86:2":1,"f:25:9:25:16":1,"s:26:4:26:Infinity":2,"s:27:4:55:Infinity":3,"s:28:23:28:Infinity":4,"b:29:6:46:Infinity:40:13:46:Infinity":0,"s:29:6:46:Infinity":5,"s:30:32:30:Infinity":6,"s:31:8:31:Infinity":7,"s:32:8:38:Infinity":8,"s:39:8:39:Infinity":9,"s:41:8:44:Infinity":10,"b:43:17:43:37:43:37:43:Infinity":1,"s:45:8:45:Infinity":11,"s:49:8:49:Infinity":12,"b:49:33:49:49:49:49:49:Infinity":2,"s:50:6:53:Infinity":13,"s:54:6:54:Infinity":14,"f:58:10:58:16":2,"s:59:4:59:Infinity":15,"s:60:4:65:Infinity":16,"f:68:13:68:19":3,"s:69:18:69:Infinity":17,"s:70:17:70:Infinity":18,"s:71:4:75:Infinity":19,"b:74:23:74:34:74:34:74:Infinity":3,"f:78:14:78:20":4,"s:79:4:79:Infinity":20,"f:82:11:82:12":5,"s:83:4:83:Infinity":21,"b:83:28:83:60:83:60:83:64":4,"s:84:4:84:Infinity":22}}}
,"C:\\Users\\User\\Documents\\TFM\\Trazabilidad\\trazabilidad-frontend\\src\\store\\notificationStore.ts": {"path":"C:\\Users\\User\\Documents\\TFM\\Trazabilidad\\trazabilidad-frontend\\src\\store\\notificationStore.ts","statementMap":{"0":{"start":{"line":20,"column":13},"end":{"line":88,"column":null}},"1":{"start":{"line":22,"column":14},"end":{"line":80,"column":null}},"2":{"start":{"line":27,"column":43},"end":{"line":35,"column":null}},"3":{"start":{"line":37,"column":8},"end":{"line":40,"column":null}},"4":{"start":{"line":37,"column":24},"end":{"line":40,"column":10}},"5":{"start":{"line":44,"column":8},"end":{"line":55,"column":null}},"6":{"start":{"line":45,"column":31},"end":{"line":45,"column":null}},"7":{"start":{"line":45,"column":63},"end":{"line":45,"column":74}},"8":{"start":{"line":46,"column":10},"end":{"line":53,"column":null}},"9":{"start":{"line":47,"column":12},"end":{"line":52,"column":null}},"10":{"start":{"line":49,"column":16},"end":{"line":49,"column":null}},"11":{"start":{"line":54,"column":10},"end":{"line":54,"column":null}},"12":{"start":{"line":59,"column":8},"end":{"line":62,"column":null}},"13":{"start":{"line":59,"column":24},"end":{"line":62,"column":10}},"14":{"start":{"line":60,"column":57},"end":{"line":60,"column":78}},"15":{"start":{"line":66,"column":8},"end":{"line":74,"column":null}},"16":{"start":{"line":67,"column":31},"end":{"line":67,"column":null}},"17":{"start":{"line":67,"column":63},"end":{"line":67,"column":74}},"18":{"start":{"line":68,"column":10},"end":{"line":73,"column":null}},"19":{"start":{"line":69,"column":61},"end":{"line":69,"column":72}},"20":{"start":{"line":78,"column":8},"end":{"line":78,"column":null}},"21":{"start":{"line":83,"column":30},"end":{"line":85,"column":null}},"22":{"start":{"line":91,"column":22},"end":{"line":104,"column":null}},"23":{"start":{"line":93,"column":4},"end":{"line":93,"column":null}},"24":{"start":{"line":96,"column":4},"end":{"line":96,"column":null}},"25":{"start":{"line":99,"column":4},"end":{"line":99,"column":null}},"26":{"start":{"line":102,"column":4},"end":{"line":102,"column":null}}},"fnMap":{"0":{"name":"(anonymous_0)","decl":{"start":{"line":22,"column":4},"end":{"line":22,"column":5}},"loc":{"start":{"line":22,"column":14},"end":{"line":80,"column":null}},"line":22},"1":{"name":"(anonymous_1)","decl":{"start":{"line":26,"column":23},"end":{"line":26,"column":24}},"loc":{"start":{"line":26,"column":55},"end":{"line":41,"column":null}},"line":26},"2":{"name":"(anonymous_2)","decl":{"start":{"line":37,"column":12},"end":{"line":37,"column":13}},"loc":{"start":{"line":37,"column":24},"end":{"line":40,"column":10}},"line":37},"3":{"name":"(anonymous_3)","decl":{"start":{"line":43,"column":18},"end":{"line":43,"column":19}},"loc":{"start":{"line":43,"column":26},"end":{"line":56,"column":null}},"line":43},"4":{"name":"(anonymous_4)","decl":{"start":{"line":44,"column":12},"end":{"line":44,"column":13}},"loc":{"start":{"line":44,"column":23},"end":{"line":55,"column":9}},"line":44},"5":{"name":"(anonymous_5)","decl":{"start":{"line":45,"column":56},"end":{"line":45,"column":57}},"loc":{"start":{"line":45,"column":63},"end":{"line":45,"column":74}},"line":45},"6":{"name":"(anonymous_6)","decl":{"start":{"line":48,"column":53},"end":{"line":48,"column":54}},"loc":{"start":{"line":49,"column":16},"end":{"line":49,"column":null}},"line":49},"7":{"name":"(anonymous_7)","decl":{"start":{"line":58,"column":21},"end":{"line":58,"column":27}},"loc":{"start":{"line":58,"column":27},"end":{"line":63,"column":null}},"line":58},"8":{"name":"(anonymous_8)","decl":{"start":{"line":59,"column":12},"end":{"line":59,"column":13}},"loc":{"start":{"line":59,"column":24},"end":{"line":62,"column":10}},"line":59},"9":{"name":"(anonymous_9)","decl":{"start":{"line":60,"column":49},"end":{"line":60,"column":50}},"loc":{"start":{"line":60,"column":57},"end":{"line":60,"column":78}},"line":60},"10":{"name":"(anonymous_10)","decl":{"start":{"line":65,"column":26},"end":{"line":65,"column":27}},"loc":{"start":{"line":65,"column":34},"end":{"line":75,"column":null}},"line":65},"11":{"name":"(anonymous_11)","decl":{"start":{"line":66,"column":12},"end":{"line":66,"column":13}},"loc":{"start":{"line":66,"column":23},"end":{"line":74,"column":9}},"line":66},"12":{"name":"(anonymous_12)","decl":{"start":{"line":67,"column":56},"end":{"line":67,"column":57}},"loc":{"start":{"line":67,"column":63},"end":{"line":67,"column":74}},"line":67},"13":{"name":"(anonymous_13)","decl":{"start":{"line":69,"column":54},"end":{"line":69,"column":55}},"loc":{"start":{"line":69,"column":61},"end":{"line":69,"column":72}},"line":69},"14":{"name":"(anonymous_14)","decl":{"start":{"line":77,"column":16},"end":{"line":77,"column":22}},"loc":{"start":{"line":77,"column":22},"end":{"line":79,"column":null}},"line":77},"15":{"name":"(anonymous_15)","decl":{"start":{"line":83,"column":18},"end":{"line":83,"column":19}},"loc":{"start":{"line":83,"column":30},"end":{"line":85,"column":null}},"line":83},"16":{"name":"(anonymous_16)","decl":{"start":{"line":92,"column":11},"end":{"line":92,"column":12}},"loc":{"start":{"line":92,"column":62},"end":{"line":94,"column":null}},"line":92},"17":{"name":"(anonymous_17)","decl":{"start":{"line":95,"column":9},"end":{"line":95,"column":10}},"loc":{"start":{"line":95,"column":60},"end":{"line":97,"column":null}},"line":95},"18":{"name":"(anonymous_18)","decl":{"start":{"line":98,"column":11},"end":{"line":98,"column":12}},"loc":{"start":{"line":98,"column":62},"end":{"line":100,"column":null}},"line":98},"19":{"name":"(anonymous_19)","decl":{"start":{"line":101,"column":8},"end":{"line":101,"column":9}},"loc":{"start":{"line":101,"column":59},"end":{"line":103,"column":null}},"line":101}},"branchMap":{"0":{"loc":{"start":{"line":46,"column":10},"end":{"line":53,"column":null}},"type":"if","locations":[{"start":{"line":46,"column":10},"end":{"line":53,"column":null}},{"start":{},"end":{}}],"line":46},"1":{"loc":{"start":{"line":46,"column":14},"end":{"line":46,"column":50}},"type":"binary-expr","locations":[{"start":{"line":46,"column":14},"end":{"line":46,"column":30}},{"start":{"line":46,"column":30},"end":{"line":46,"column":50}}],"line":46},"2":{"loc":{"start":{"line":49,"column":16},"end":{"line":49,"column":null}},"type":"cond-expr","locations":[{"start":{"line":49,"column":30},"end":{"line":49,"column":53}},{"start":{"line":49,"column":53},"end":{"line":49,"column":null}}],"line":49},"3":{"loc":{"start":{"line":70,"column":25},"end":{"line":72,"column":null}},"type":"cond-expr","locations":[{"start":{"line":71,"column":16},"end":{"line":71,"column":null}},{"start":{"line":72,"column":16},"end":{"line":72,"column":null}}],"line":70},"4":{"loc":{"start":{"line":70,"column":25},"end":{"line":70,"column":null}},"type":"binary-expr","locations":[{"start":{"line":70,"column":25},"end":{"line":70,"column":41}},{"start":{"line":70,"column":41},"end":{"line":70,"column":null}}],"line":70}},"s":{"0":1,"1":1,"2":74,"3":74,"4":74,"5":4,"6":4,"7":4,"8":4,"9":3,"10":4,"11":1,"12":1,"13":1,"14":2,"15":2,"16":2,"17":2,"18":2,"19":3,"20":1,"21":97,"22":1,"23":2,"24":1,"25":1,"26":1},"f":{"0":1,"1":74,"2":74,"3":4,"4":4,"5":4,"6":4,"7":1,"8":1,"9":2,"10":2,"11":2,"12":2,"13":3,"14":1,"15":97,"16":2,"17":1,"18":1,"19":1},"b":{"0":[3,1],"1":[4,4],"2":[3,1],"3":[1,1],"4":[2,2]},"meta":{"lastBranch":5,"lastFunction":20,"lastStatement":27,"seen":{"s:20:13:88:Infinity":0,"f:22:4:22:5":0,"s:22:14:80:Infinity":1,"f:26:23:26:24":1,"s:27:43:35:Infinity":2,"s:37:8:40:Infinity":3,"f:37:12:37:13":2,"s:37:24:40:10":4,"f:43:18:43:19":3,"s:44:8:55:Infinity":5,"f:44:12:44:13":4,"s:45:31:45:Infinity":6,"f:45:56:45:57":5,"s:45:63:45:74":7,"b:46:10:53:Infinity:undefined:undefined:undefined:undefined":0,"s:46:10:53:Infinity":8,"b:46:14:46:30:46:30:46:50":1,"s:47:12:52:Infinity":9,"f:48:53:48:54":6,"s:49:16:49:Infinity":10,"b:49:30:49:53:49:53:49:Infinity":2,"s:54:10:54:Infinity":11,"f:58:21:58:27":7,"s:59:8:62:Infinity":12,"f:59:12:59:13":8,"s:59:24:62:10":13,"f:60:49:60:50":9,"s:60:57:60:78":14,"f:65:26:65:27":10,"s:66:8:74:Infinity":15,"f:66:12:66:13":11,"s:67:31:67:Infinity":16,"f:67:56:67:57":12,"s:67:63:67:74":17,"s:68:10:73:Infinity":18,"f:69:54:69:55":13,"s:69:61:69:72":19,"b:71:16:71:Infinity:72:16:72:Infinity":3,"b:70:25:70:41:70:41:70:Infinity":4,"f:77:16:77:22":14,"s:78:8:78:Infinity":20,"f:83:18:83:19":15,"s:83:30:85:Infinity":21,"s:91:22:104:Infinity":22,"f:92:11:92:12":16,"s:93:4:93:Infinity":23,"f:95:9:95:10":17,"s:96:4:96:Infinity":24,"f:98:11:98:12":18,"s:99:4:99:Infinity":25,"f:101:8:101:9":19,"s:102:4:102:Infinity":26}}}
,"C:\\Users\\User\\Documents\\TFM\\Trazabilidad\\trazabilidad-frontend\\src\\store\\uiStore.ts": {"path":"C:\\Users\\User\\Documents\\TFM\\Trazabilidad\\trazabilidad-frontend\\src\\store\\uiStore.ts","statementMap":{"0":{"start":{"line":11,"column":13},"end":{"line":21,"column":null}},"1":{"start":{"line":11,"column":52},"end":{"line":21,"column":2}},"2":{"start":{"line":15,"column":23},"end":{"line":15,"column":null}},"3":{"start":{"line":15,"column":39},"end":{"line":15,"column":75}},"4":{"start":{"line":17,"column":37},"end":{"line":17,"column":null}},"5":{"start":{"line":20,"column":4},"end":{"line":20,"column":null}},"6":{"start":{"line":20,"column":20},"end":{"line":20,"column":66}}},"fnMap":{"0":{"name":"(anonymous_0)","decl":{"start":{"line":11,"column":42},"end":{"line":11,"column":43}},"loc":{"start":{"line":11,"column":52},"end":{"line":21,"column":2}},"line":11},"1":{"name":"(anonymous_1)","decl":{"start":{"line":15,"column":17},"end":{"line":15,"column":23}},"loc":{"start":{"line":15,"column":23},"end":{"line":15,"column":null}},"line":15},"2":{"name":"(anonymous_2)","decl":{"start":{"line":15,"column":27},"end":{"line":15,"column":28}},"loc":{"start":{"line":15,"column":39},"end":{"line":15,"column":75}},"line":15},"3":{"name":"(anonymous_3)","decl":{"start":{"line":17,"column":18},"end":{"line":17,"column":19}},"loc":{"start":{"line":17,"column":37},"end":{"line":17,"column":null}},"line":17},"4":{"name":"(anonymous_4)","decl":{"start":{"line":19,"column":26},"end":{"line":19,"column":null}},"loc":{"start":{"line":20,"column":4},"end":{"line":20,"column":null}},"line":20},"5":{"name":"(anonymous_5)","decl":{"start":{"line":20,"column":8},"end":{"line":20,"column":9}},"loc":{"start":{"line":20,"column":20},"end":{"line":20,"column":66}},"line":20}},"branchMap":{},"s":{"0":1,"1":1,"2":2,"3":2,"4":2,"5":2,"6":2},"f":{"0":1,"1":2,"2":2,"3":2,"4":2,"5":2},"b":{},"meta":{"lastBranch":0,"lastFunction":6,"lastStatement":7,"seen":{"s:11:13:21:Infinity":0,"f:11:42:11:43":0,"s:11:52:21:2":1,"f:15:17:15:23":1,"s:15:23:15:Infinity":2,"f:15:27:15:28":2,"s:15:39:15:75":3,"f:17:18:17:19":3,"s:17:37:17:Infinity":4,"f:19:26:19:Infinity":4,"s:20:4:20:Infinity":5,"f:20:8:20:9":5,"s:20:20:20:66":6}}}
}
